<?xml version="1.0" encoding="UTF-8"?>
<!-- Generated by org.testng.reporters.JUnitXMLReporter -->
<testsuite hostname="ower-PC" name="HomePageTest" tests="4" failures="0" timestamp="8 May 2014 05:09:43 GMT" time="43.553" errors="0">
  <testcase name="activeIncentivePayoutTest" time="5.465" classname="com.jiff.homepage.test.BeActiveTest"/>
  <testcase name="beActiveSyncTest" time="4.128" classname="com.jiff.homepage.test.BeActiveTest"/>
  <testcase name="beActiveViewGraphTest" time="8.365" classname="com.jiff.homepage.test.BeActiveTest"/>
  <testcase name="resetGoalsTest" time="18.687" classname="com.jiff.homepage.test.BeActiveTest"/>
</testsuite> <!-- HomePageTest -->
