<?xml version="1.0" encoding="UTF-8"?>
<!-- Generated by org.testng.reporters.JUnitXMLReporter -->
<testsuite hostname="ower-PC" name="Test" tests="4" failures="0" timestamp="8 May 2014 04:41:41 GMT" time="42.508" errors="0">
  <testcase name="activeIncentivePayoutTest" time="5.167" classname="com.jiff.homepage.test.BeActiveTest"/>
  <testcase name="beActiveSyncTest" time="4.215" classname="com.jiff.homepage.test.BeActiveTest"/>
  <testcase name="beActiveViewGraphTest" time="8.467" classname="com.jiff.homepage.test.BeActiveTest"/>
  <testcase name="resetGoalsTest" time="18.161" classname="com.jiff.homepage.test.BeActiveTest"/>
</testsuite> <!-- Test -->
